0 info it worked if it ends with ok
1 verbose cli [ 'C:\\Program Files\\nodejs\\node.exe',
1 verbose cli   'C:\\Users\\DavidwMiller\\AppData\\Roaming\\npm\\node_modules\\npm\\bin\\npm-cli.js',
1 verbose cli   'run',
1 verbose cli   'client' ]
2 info using npm@3.10.8
3 info using node@v6.7.0
4 verbose run-script [ 'preclient', 'client', 'postclient' ]
5 info lifecycle incidents@1.0.0~preclient: incidents@1.0.0
6 silly lifecycle incidents@1.0.0~preclient: no script for preclient, continuing
7 info lifecycle incidents@1.0.0~client: incidents@1.0.0
8 verbose lifecycle incidents@1.0.0~client: unsafe-perm in lifecycle true
9 verbose lifecycle incidents@1.0.0~client: PATH: C:\Users\DavidwMiller\AppData\Roaming\npm\node_modules\npm\bin\node-gyp-bin;C:\Users\DavidwMiller\Desktop\Work\USBWebserver\root\hfd_incident_tracker\node_modules\.bin;C:\Users\DavidwMiller\AppData\Roaming\npm\node_modules\npm\bin\node-gyp-bin;C:\Users\DavidwMiller\Desktop\Work\USBWebserver\root\hfd_incident_tracker\node_modules\.bin;C:\WINDOWS\system32;C:\WINDOWS;C:\WINDOWS\System32\Wbem;C:\WINDOWS\System32\WindowsPowerShell\v1.0\;C:\Program Files\Git\cmd;C:\Program Files\nodejs\;C:\Program Files (x86)\NVIDIA Corporation\PhysX\Common;C:\Users\DavidwMiller\AppData\Local\Microsoft\WindowsApps;C:\Users\DavidwMiller\AppData\Local\atom\bin;C:\Users\DavidwMiller\AppData\Roaming\npm
10 verbose lifecycle incidents@1.0.0~client: CWD: C:\Users\DavidwMiller\Desktop\Work\USBWebserver\root\hfd_incident_tracker
11 silly lifecycle incidents@1.0.0~client: Args: [ '/d /s /c', 'cd client && npm start' ]
12 verbose stack Error: kill ENOSYS
12 verbose stack     at exports._errnoException (util.js:1036:11)
12 verbose stack     at process.kill (internal/process.js:172:13)
12 verbose stack     at process.listener (C:\Users\DavidwMiller\AppData\Roaming\npm\node_modules\npm\node_modules\npmlog\node_modules\gauge\node_modules\signal-exit\index.js:86:15)
12 verbose stack     at emitNone (events.js:91:20)
12 verbose stack     at process.emit (events.js:185:7)
12 verbose stack     at processEmit (C:\Users\DavidwMiller\AppData\Roaming\npm\node_modules\npm\node_modules\npmlog\node_modules\gauge\node_modules\signal-exit\index.js:146:32)
12 verbose stack     at processEmit (C:\Users\DavidwMiller\AppData\Roaming\npm\node_modules\npm\node_modules\npm-registry-client\node_modules\npmlog\node_modules\gauge\node_modules\signal-exit\index.js:146:32)
12 verbose stack     at Signal.wrap.onsignal (internal/process.js:199:44)
13 verbose cwd C:\Users\DavidwMiller\Desktop\Work\USBWebserver\root\hfd_incident_tracker
14 error Windows_NT 10.0.14393
15 error argv "C:\\Program Files\\nodejs\\node.exe" "C:\\Users\\DavidwMiller\\AppData\\Roaming\\npm\\node_modules\\npm\\bin\\npm-cli.js" "run" "client"
16 error node v6.7.0
17 error npm  v3.10.8
18 error code ENOSYS
19 error errno ENOSYS
20 error syscall kill
21 error kill ENOSYS
22 error If you need help, you may report this error at:
22 error     <https://github.com/npm/npm/issues>
23 verbose exit [ 1, true ]
